[tfhtml.themepul.com/fitmas/index.html]
[backblue.gif]
[fade.gif]
[index.html]
[tfhtml.themepul.com/fitmas/assets/img/favicons/favicon.png]
[tfhtml.themepul.com/fitmas/assets/img/favicons/manifest.json]
[tfhtml.themepul.com/fitmas/assets/img/favicons/ms-icon-144x144.png]
[tfhtml.themepul.com/fitmas/assets/css/bootstrap.min.css]
[tfhtml.themepul.com/fitmas/assets/css/magnific-popup.min.css]
[tfhtml.themepul.com/fitmas/assets/css/fontawesome.min.css]
[tfhtml.themepul.com/fitmas/assets/css/slick.min.css]
[tfhtml.themepul.com/fitmas/assets/css/style.css]
[tfhtml.themepul.com/fitmas/assets/img/logo-white.svg]
[tfhtml.themepul.com/fitmas/about.html]
[tfhtml.themepul.com/fitmas/project-details.html]
[tfhtml.themepul.com/fitmas/team.html]
[tfhtml.themepul.com/fitmas/project.html]
[tfhtml.themepul.com/fitmas/contact.html]
[tfhtml.themepul.com/fitmas/assets/img/logo.svg]
[tfhtml.themepul.com/fitmas/home-2.html]
[tfhtml.themepul.com/fitmas/home-3.html]
[tfhtml.themepul.com/fitmas/team-2.html]
[tfhtml.themepul.com/fitmas/team-details.html]
[tfhtml.themepul.com/fitmas/gallery.html]
[tfhtml.themepul.com/fitmas/gallery-2.html]
[tfhtml.themepul.com/fitmas/shop.html]
[tfhtml.themepul.com/fitmas/shop-details.html]
[tfhtml.themepul.com/fitmas/pricing.html]
[tfhtml.themepul.com/fitmas/error.html]
[tfhtml.themepul.com/fitmas/service.html]
[tfhtml.themepul.com/fitmas/service-details.html]
[tfhtml.themepul.com/fitmas/blog.html]
[tfhtml.themepul.com/fitmas/blog-2.html]
[tfhtml.themepul.com/fitmas/blog-details.html]
[tfhtml.themepul.com/fitmas/assets/img/hero/hero_bg_1_1.png]
[tfhtml.themepul.com/fitmas/assets/img/hero/hero_shape_1.png]
[tfhtml.themepul.com/fitmas/assets/img/hero/hero_bg_1_2.png]
[tfhtml.themepul.com/fitmas/assets/img/bg/feature-card_bg1.png]
[tfhtml.themepul.com/fitmas/assets/img/icon/feature-icon1-1.svg]
[tfhtml.themepul.com/fitmas/service-detail.html]
[tfhtml.themepul.com/fitmas/assets/img/icon/feature-icon1-2.svg]
[tfhtml.themepul.com/fitmas/assets/img/icon/feature-icon1-3.svg]
[tfhtml.themepul.com/fitmas/assets/img/normal/about_1-1.png]
[tfhtml.themepul.com/fitmas/assets/img/normal/about_1-2.png]
[tfhtml.themepul.com/fitmas/assets/img/icon/about-icon.svg]
[tfhtml.themepul.com/fitmas/assets/img/bg/service-bg.png]
[tfhtml.themepul.com/fitmas/assets/img/bg/sec-shape-top.png]
[tfhtml.themepul.com/fitmas/assets/img/icon/service-icon_1-1.svg]
[tfhtml.themepul.com/fitmas/assets/img/icon/service-icon_1-2.svg]
[tfhtml.themepul.com/fitmas/assets/img/icon/service-icon_1-3.svg]
[tfhtml.themepul.com/fitmas/assets/img/icon/service-icon_1-4.svg]
[tfhtml.themepul.com/fitmas/assets/img/normal/wcu_1-2.png]
[tfhtml.themepul.com/fitmas/assets/img/normal/wcu_1-1.png]
[tfhtml.themepul.com/fitmas/assets/img/icon/wcu-icon_1-1.svg]
[tfhtml.themepul.com/fitmas/assets/img/bg/sec-shape-bottom.png]
[tfhtml.themepul.com/fitmas/assets/img/icon/service-icon_2-1.svg]
[tfhtml.themepul.com/fitmas/assets/img/icon/service-icon_2-2.svg]
[tfhtml.themepul.com/fitmas/assets/img/icon/service-icon_2-3.svg]
[tfhtml.themepul.com/fitmas/assets/img/bg/counter-bg1.png]
[tfhtml.themepul.com/fitmas/assets/img/icon/counter-icon_1-1.svg]
[tfhtml.themepul.com/fitmas/assets/img/icon/counter-icon_1-2.svg]
[tfhtml.themepul.com/fitmas/assets/img/icon/counter-icon_1-3.svg]
[tfhtml.themepul.com/fitmas/assets/img/icon/counter-icon_1-4.svg]
[tfhtml.themepul.com/fitmas/assets/img/team/team-1.png]
[tfhtml.themepul.com/fitmas/assets/img/team/team-2.png]
[tfhtml.themepul.com/fitmas/assets/img/team/team-3.png]
[tfhtml.themepul.com/fitmas/assets/img/team/team-4.png]
[tfhtml.themepul.com/fitmas/assets/img/testimonial/testi_bg1.png]
[tfhtml.themepul.com/fitmas/assets/img/testimonial/testi_box-bg.png]
[tfhtml.themepul.com/fitmas/assets/img/testimonial/testi_1_1.png]
[tfhtml.themepul.com/fitmas/assets/img/testimonial/testi_1_2.png]
[tfhtml.themepul.com/fitmas/assets/img/testimonial/testi_1_3.png]
[tfhtml.themepul.com/fitmas/assets/img/bg/pricing-card1-bg.png]
[tfhtml.themepul.com/fitmas/assets/img/icon/picing-icon_1-1.svg]
[tfhtml.themepul.com/fitmas/priing.html]
[tfhtml.themepul.com/fitmas/assets/img/icon/picing-icon_1-2.svg]
[tfhtml.themepul.com/fitmas/assets/img/icon/picing-icon_1-3.svg]
[tfhtml.themepul.com/fitmas/assets/img/normal/goal_1-1.png]
[tfhtml.themepul.com/fitmas/assets/img/icon/goal-icon_1-1.svg]
[tfhtml.themepul.com/fitmas/assets/img/icon/goal-icon_1-2.svg]
[tfhtml.themepul.com/fitmas/assets/img/blog/blog_1_1.png]
[tfhtml.themepul.com/fitmas/assets/img/blog/blog_card1_bg.png]
[tfhtml.themepul.com/fitmas/assets/img/blog/blog_1_2.png]
[tfhtml.themepul.com/fitmas/assets/img/blog/blog_1_3.png]
[tfhtml.themepul.com/fitmas/assets/img/bg/footer-1-bg.png]
[tfhtml.themepul.com/fitmas/assets/img/widget/insta-feed1.png]
[tfhtml.themepul.com/fitmas/assets/img/widget/insta-feed2.png]
[tfhtml.themepul.com/fitmas/assets/img/widget/insta-feed3.png]
[tfhtml.themepul.com/fitmas/assets/img/widget/insta-feed4.png]
[tfhtml.themepul.com/fitmas/assets/img/widget/insta-feed5.png]
[tfhtml.themepul.com/fitmas/assets/img/widget/insta-feed6.png]
[tfhtml.themepul.com/fitmas/assets/js/vendor/jquery-3.6.0.min.js]
[tfhtml.themepul.com/fitmas/assets/js/slick.min.js]
[tfhtml.themepul.com/fitmas/assets/js/bootstrap.min.js]
[tfhtml.themepul.com/fitmas/assets/js/jquery.magnific-popup.min.js]
[tfhtml.themepul.com/fitmas/assets/js/jquery.counterup.min.js]
[tfhtml.themepul.com/fitmas/assets/js/jquery-ui.min.js]
[tfhtml.themepul.com/fitmas/assets/js/imagesloaded.pkgd.min.js]
[tfhtml.themepul.com/fitmas/assets/js/isotope.pkgd.min.js]
[tfhtml.themepul.com/fitmas/index.html]
[tfhtml.themepul.com/fitmas/assets/img/favicons/ms-icon-144x144.html]
[tfhtml.themepul.com/fitmas/assets/css/bootstrap.min.css]
[tfhtml.themepul.com/fitmas/assets/js/main.js]
[tfhtml.themepul.com/fitmas/assets/fonts/fontawesome/fa-brands-400.woff2]
[tfhtml.themepul.com/fitmas/assets/fonts/fontawesome/fa-brands-400.ttf]
[tfhtml.themepul.com/fitmas/assets/fonts/fontawesome/fa-duotone-900.woff2]
[tfhtml.themepul.com/fitmas/assets/fonts/fontawesome/fa-duotone-900.ttf]
[tfhtml.themepul.com/fitmas/assets/fonts/fontawesome/fa-light-300.woff2]
[tfhtml.themepul.com/fitmas/assets/fonts/fontawesome/fa-light-300.ttf]
[tfhtml.themepul.com/fitmas/assets/fonts/fontawesome/fa-regular-400.woff2]
[tfhtml.themepul.com/fitmas/assets/fonts/fontawesome/fa-solid-900.woff2]
[tfhtml.themepul.com/fitmas/assets/fonts/fontawesome/fa-regular-400.ttf]
[tfhtml.themepul.com/fitmas/assets/fonts/fontawesome/fa-thin-100.woff2]
[tfhtml.themepul.com/fitmas/assets/css/fontawesome.min.css]
[tfhtml.themepul.com/fitmas/assets/css/magnific-popup.min.css]
[tfhtml.themepul.com/fitmas/assets/css/slick.min.css]
[tfhtml.themepul.com/fitmas/assets/css/style.css]
[tfhtml.themepul.com/fitmas/assets/img/logo-white.svg]
[tfhtml.themepul.com/fitmas/assets/img/bg/breadcrumb-bg.png]
[tfhtml.themepul.com/fitmas/assets/fonts/fontawesome/fa-solid-900.ttf]
[tfhtml.themepul.com/fitmas/assets/fonts/fontawesome/fa-thin-100.ttf]
[tfhtml.themepul.com/fitmas/assets/img/bg/cta-bg1.png]
[tfhtml.themepul.com/fitmas/about.html]
[tfhtml.themepul.com/fitmas/assets/img/portfolio/portfolio_details.png]
[tfhtml.themepul.com/fitmas/assets/img/portfolio/portfolio_details1_1.png]
[tfhtml.themepul.com/fitmas/assets/img/portfolio/portfolio_details1_2.png]
[tfhtml.themepul.com/fitmas/project-details.html]
[tfhtml.themepul.com/fitmas/assets/img/team/team-5.png]
[tfhtml.themepul.com/fitmas/assets/img/team/team-6.png]
[tfhtml.themepul.com/fitmas/assets/img/team/team-7.png]
[tfhtml.themepul.com/fitmas/assets/img/team/team-8.png]
[tfhtml.themepul.com/fitmas/team.html]
[tfhtml.themepul.com/fitmas/assets/img/project/project2_1.png]
[tfhtml.themepul.com/fitmas/assets/img/project/project2_2.png]
[tfhtml.themepul.com/fitmas/assets/img/project/project2_3.png]
[tfhtml.themepul.com/fitmas/assets/img/project/project2_4.png]
[tfhtml.themepul.com/fitmas/project.html]
[tfhtml.themepul.com/fitmas/assets/img/icon/contact-icon1.svg]
[tfhtml.themepul.com/fitmas/assets/img/icon/contact-icon2.svg]
[tfhtml.themepul.com/fitmas/assets/img/icon/contact-icon3.svg]
[tfhtml.themepul.com/fitmas/assets/img/normal/contact1.png]
[tfhtml.themepul.com/fitmas/assets/img/instagram/insta_feed1.png]
[tfhtml.themepul.com/fitmas/assets/img/instagram/insta_feed2.png]
[tfhtml.themepul.com/fitmas/assets/img/instagram/insta_feed3.png]
[tfhtml.themepul.com/fitmas/assets/img/instagram/insta_feed4.png]
[tfhtml.themepul.com/fitmas/assets/img/instagram/insta_feed5.png]
[tfhtml.themepul.com/fitmas/assets/img/instagram/insta_feed6.png]
[tfhtml.themepul.com/fitmas/assets/img/instagram/insta_feed7.png]
[tfhtml.themepul.com/fitmas/assets/img/instagram/insta_feed8.png]
[tfhtml.themepul.com/fitmas/contact.html]
[tfhtml.themepul.com/fitmas/assets/img/logo.svg]
[tfhtml.themepul.com/fitmas/assets/css/jquery.flipster.min.css]
[tfhtml.themepul.com/fitmas/assets/img/hero/hero_bg_2_1.png]
[tfhtml.themepul.com/fitmas/assets/img/hero/hero_shape_2-1.png]
[tfhtml.themepul.com/fitmas/assets/img/hero/hero_shape_2-2.png]
[tfhtml.themepul.com/fitmas/assets/img/hero/hero_shape_2-3.png]
[tfhtml.themepul.com/fitmas/assets/img/hero/hero_bg_2_2.png]
[tfhtml.themepul.com/fitmas/assets/img/bg/service-bg2.png]
[tfhtml.themepul.com/fitmas/assets/img/bg/sec-shape2-top.png]
[tfhtml.themepul.com/fitmas/assets/img/bg/portfolio-bg-1.png]
[tfhtml.themepul.com/fitmas/assets/img/project/project1_1.png]
[tfhtml.themepul.com/fitmas/assets/img/project/project1_2.png]
[tfhtml.themepul.com/fitmas/assets/img/project/project1_3.png]
[tfhtml.themepul.com/fitmas/assets/img/normal/wcu_2-1.png]
[tfhtml.themepul.com/fitmas/assets/img/bg/wcu_box-bg.png]
[tfhtml.themepul.com/fitmas/assets/img/normal/wcu_2-2.png]
[tfhtml.themepul.com/fitmas/assets/img/icon/wcu-icon_2-1.svg]
[tfhtml.themepul.com/fitmas/assets/img/icon/wcu-icon_2-2.svg]
[tfhtml.themepul.com/fitmas/assets/img/bg/team-bg-2.png]
[tfhtml.themepul.com/fitmas/assets/img/team/team-2-1.png]
[tfhtml.themepul.com/fitmas/assets/img/team/team-2-2.png]
[tfhtml.themepul.com/fitmas/assets/img/team/team-2-3.png]
[tfhtml.themepul.com/fitmas/assets/img/team/team-2-4.png]
[tfhtml.themepul.com/fitmas/assets/img/icon/counter-icon_2-1.svg]
[tfhtml.themepul.com/fitmas/assets/img/icon/counter-icon_2-2.svg]
[tfhtml.themepul.com/fitmas/assets/img/icon/counter-icon_2-3.svg]
[tfhtml.themepul.com/fitmas/assets/img/icon/counter-icon_2-4.svg]
[tfhtml.themepul.com/fitmas/assets/img/normal/goal_2-2.png]
[tfhtml.themepul.com/fitmas/assets/img/normal/goal_2-1.png]
[tfhtml.themepul.com/fitmas/assets/img/blog/blog_2_1.png]
[tfhtml.themepul.com/fitmas/assets/img/blog/blog_2_2.png]
[tfhtml.themepul.com/fitmas/assets/img/blog/blog_2_3.png]
[tfhtml.themepul.com/fitmas/assets/js/jquery.flipster.min.js]
[tfhtml.themepul.com/fitmas/assets/js/bmi.calculator.js]
[tfhtml.themepul.com/fitmas/home-2.html]
[tfhtml.themepul.com/fitmas/assets/img/hero/hero_bg_3_1.png]
[tfhtml.themepul.com/fitmas/assets/img/logo2.svg]
[tfhtml.themepul.com/fitmas/assets/img/normal/feature_1-1.png]
[tfhtml.themepul.com/fitmas/assets/img/normal/feature_1-2.png]
[tfhtml.themepul.com/fitmas/assets/img/normal/feature_1-3.png]
[tfhtml.themepul.com/fitmas/assets/img/bg/about3-bg.png]
[tfhtml.themepul.com/fitmas/assets/img/normal/about_3-1.png]
[tfhtml.themepul.com/fitmas/assets/img/normal/about_3-2.png]
[tfhtml.themepul.com/fitmas/assets/img/bg/counter-card-bg.png]
[tfhtml.themepul.com/fitmas/assets/img/normal/feature_3-1.png]
[tfhtml.themepul.com/fitmas/assets/img/normal/feature_3-2.png]
[tfhtml.themepul.com/fitmas/assets/img/normal/feature_3-3.png]
[tfhtml.themepul.com/fitmas/assets/img/normal/feature_3-4.png]
[tfhtml.themepul.com/fitmas/assets/img/bg/team-bg-3.png]
[tfhtml.themepul.com/fitmas/assets/img/team/team-3-1.png]
[tfhtml.themepul.com/fitmas/assets/img/team/team-3-2.png]
[tfhtml.themepul.com/fitmas/assets/img/team/team-3-3.png]
[tfhtml.themepul.com/fitmas/assets/img/bg/portfolio-bg-2.png]
[tfhtml.themepul.com/fitmas/assets/img/normal/goal_3-1.png]
[tfhtml.themepul.com/fitmas/assets/img/bg/blog3-bg.png]
[tfhtml.themepul.com/fitmas/assets/img/bg/blog3-bg-thumb.png]
[tfhtml.themepul.com/fitmas/assets/img/normal/goal_3-2.png]
[tfhtml.themepul.com/fitmas/assets/img/bg/contact-card-bg.png]
[tfhtml.themepul.com/fitmas/home-3.html]
[tfhtml.themepul.com/fitmas/assets/js/circle-progress.js]
[tfhtml.themepul.com/fitmas/assets/img/team/team-4-1.png]
[tfhtml.themepul.com/fitmas/assets/img/team/team-4-2.png]
[tfhtml.themepul.com/fitmas/assets/img/team/team-4-3.png]
[tfhtml.themepul.com/fitmas/assets/img/team/team-4-4.png]
[tfhtml.themepul.com/fitmas/assets/img/team/team-4-5.png]
[tfhtml.themepul.com/fitmas/assets/img/team/team-4-6.png]
[tfhtml.themepul.com/fitmas/assets/img/team/team-4-7.png]
[tfhtml.themepul.com/fitmas/assets/img/team/team-4-8.png]
[tfhtml.themepul.com/fitmas/assets/img/team/team-4-9.png]
[tfhtml.themepul.com/fitmas/team-2.html]
[tfhtml.themepul.com/fitmas/assets/img/bg/team-details-bg.png]
[tfhtml.themepul.com/fitmas/assets/img/team/team-details.png]
[tfhtml.themepul.com/fitmas/team-details.html]
[tfhtml.themepul.com/fitmas/assets/img/portfolio/portfolio1_1.png]
[tfhtml.themepul.com/fitmas/assets/img/portfolio/portfolio1_2.png]
[tfhtml.themepul.com/fitmas/assets/img/portfolio/portfolio1_3.png]
[tfhtml.themepul.com/fitmas/assets/img/portfolio/portfolio1_4.png]
[tfhtml.themepul.com/fitmas/assets/img/portfolio/portfolio1_5.png]
[tfhtml.themepul.com/fitmas/assets/img/portfolio/portfolio1_6.png]
[tfhtml.themepul.com/fitmas/assets/img/portfolio/portfolio1_7.png]
[tfhtml.themepul.com/fitmas/assets/img/portfolio/portfolio1_8.png]
[tfhtml.themepul.com/fitmas/assets/img/portfolio/portfolio1_9.png]
[tfhtml.themepul.com/fitmas/gallery.html]
[tfhtml.themepul.com/fitmas/assets/img/portfolio/portfolio2_1.png]
[tfhtml.themepul.com/fitmas/assets/img/portfolio/portfolio2_2.png]
[tfhtml.themepul.com/fitmas/assets/img/portfolio/portfolio2_3.png]
[tfhtml.themepul.com/fitmas/assets/img/portfolio/portfolio2_4.png]
[tfhtml.themepul.com/fitmas/assets/img/portfolio/portfolio2_5.png]
[tfhtml.themepul.com/fitmas/assets/img/portfolio/portfolio2_6.png]
[tfhtml.themepul.com/fitmas/assets/img/portfolio/portfolio2_7.png]
[tfhtml.themepul.com/fitmas/gallery-2.html]
[tfhtml.themepul.com/fitmas/assets/img/product/1.png]
[tfhtml.themepul.com/fitmas/assets/img/product/2.png]
[tfhtml.themepul.com/fitmas/assets/img/product/3.png]
[tfhtml.themepul.com/fitmas/assets/img/product/4.png]
[tfhtml.themepul.com/fitmas/assets/img/product/5.png]
[tfhtml.themepul.com/fitmas/assets/img/product/6.png]
[tfhtml.themepul.com/fitmas/assets/img/product/7.png]
[tfhtml.themepul.com/fitmas/assets/img/product/8.png]
[tfhtml.themepul.com/fitmas/assets/img/product/9.png]
[tfhtml.themepul.com/fitmas/assets/img/product/10.png]
[tfhtml.themepul.com/fitmas/assets/img/product/11.png]
[tfhtml.themepul.com/fitmas/shop.html]
[tfhtml.themepul.com/fitmas/assets/img/product/product-details1.png]
[tfhtml.themepul.com/fitmas/assets/img/blog/blog_comment1.png]
[tfhtml.themepul.com/fitmas/assets/img/blog/blog_comment2.png]
[tfhtml.themepul.com/fitmas/assets/img/blog/blog_comment3.png]
[tfhtml.themepul.com/fitmas/shop-details.html]
[tfhtml.themepul.com/fitmas/pricing.html]
[tfhtml.themepul.com/fitmas/assets/img/normal/error.png]
[tfhtml.themepul.com/fitmas/error.html]
[tfhtml.themepul.com/fitmas/assets/img/icon/service-icon_2-4.svg]
[tfhtml.themepul.com/fitmas/assets/img/icon/service-icon_2-5.svg]
[tfhtml.themepul.com/fitmas/service.html]
[tfhtml.themepul.com/fitmas/assets/img/icon/service-icon_2-6.svg]
[tfhtml.themepul.com/fitmas/assets/img/normal/service-details1-1.png]
[tfhtml.themepul.com/fitmas/assets/img/normal/service-details1-2.png]
[tfhtml.themepul.com/fitmas/service-details.html]
[tfhtml.themepul.com/fitmas/assets/img/blog/blog_s1_1.png]
[tfhtml.themepul.com/fitmas/assets/img/blog/blog_s1_2.png]
[tfhtml.themepul.com/fitmas/assets/img/blog/blog_s1_3.png]
[tfhtml.themepul.com/fitmas/assets/img/blog/recent-post1.png]
[tfhtml.themepul.com/fitmas/assets/img/blog/recent-post2.png]
[tfhtml.themepul.com/fitmas/assets/img/blog/recent-post3.png]
[tfhtml.themepul.com/fitmas/assets/img/widget/widget1-1.png]
[tfhtml.themepul.com/fitmas/assets/img/widget/widget1-2.png]
[tfhtml.themepul.com/fitmas/assets/img/widget/widget1-3.png]
[tfhtml.themepul.com/fitmas/assets/img/widget/widget1-4.png]
[tfhtml.themepul.com/fitmas/assets/img/widget/widget1-5.png]
[tfhtml.themepul.com/fitmas/assets/img/widget/widget1-6.png]
[tfhtml.themepul.com/fitmas/blog.html]
[tfhtml.themepul.com/fitmas/assets/img/blog/blog_s2_1.png]
[tfhtml.themepul.com/fitmas/assets/img/blog/blog_s2_2.png]
[tfhtml.themepul.com/fitmas/assets/img/blog/blog_s2_3.png]
[tfhtml.themepul.com/fitmas/assets/img/blog/blog_s2_4.png]
[tfhtml.themepul.com/fitmas/assets/img/blog/blog_s2_5.png]
[tfhtml.themepul.com/fitmas/assets/img/blog/blog_s2_6.png]
[tfhtml.themepul.com/fitmas/blog-2.html]
[tfhtml.themepul.com/fitmas/assets/img/blog/blog_details1_1.png]
[tfhtml.themepul.com/fitmas/assets/img/blog/blog_details1_2.png]
[tfhtml.themepul.com/fitmas/assets/img/blog/blog_details1_3.png]
[tfhtml.themepul.com/fitmas/assets/img/blog/blog-author.png]
[tfhtml.themepul.com/fitmas/blog-details.html]
[tfhtml.themepul.com/fitmas/assets/img/icon/feature-icon1-1.svg]
[tfhtml.themepul.com/fitmas/service-detail.html]
[tfhtml.themepul.com/fitmas/assets/img/icon/feature-icon1-2.svg]
[tfhtml.themepul.com/fitmas/assets/img/icon/feature-icon1-3.svg]
[tfhtml.themepul.com/fitmas/assets/img/icon/about-icon.svg]
[tfhtml.themepul.com/fitmas/assets/img/icon/service-icon_1-1.svg]
[tfhtml.themepul.com/fitmas/assets/img/icon/service-icon_1-2.svg]
[tfhtml.themepul.com/fitmas/assets/img/icon/service-icon_1-3.svg]
[tfhtml.themepul.com/fitmas/assets/img/icon/service-icon_1-4.svg]
[tfhtml.themepul.com/fitmas/assets/img/icon/wcu-icon_1-1.svg]
[tfhtml.themepul.com/fitmas/assets/img/icon/service-icon_2-1.svg]
[tfhtml.themepul.com/fitmas/assets/img/icon/service-icon_2-2.svg]
[tfhtml.themepul.com/fitmas/assets/img/icon/service-icon_2-3.svg]
[tfhtml.themepul.com/fitmas/assets/img/icon/counter-icon_1-1.svg]
[tfhtml.themepul.com/fitmas/assets/img/icon/counter-icon_1-2.svg]
[tfhtml.themepul.com/fitmas/assets/img/icon/counter-icon_1-3.svg]
[tfhtml.themepul.com/fitmas/assets/img/icon/counter-icon_1-4.svg]
[tfhtml.themepul.com/fitmas/assets/img/icon/picing-icon_1-1.svg]
[tfhtml.themepul.com/fitmas/priing.html]
[tfhtml.themepul.com/fitmas/assets/img/icon/picing-icon_1-2.svg]
[tfhtml.themepul.com/fitmas/assets/img/icon/picing-icon_1-3.svg]
[tfhtml.themepul.com/fitmas/assets/img/icon/goal-icon_1-1.svg]
[tfhtml.themepul.com/fitmas/assets/img/icon/goal-icon_1-2.svg]
[tfhtml.themepul.com/fitmas/assets/js/vendor/jquery-3.6.0.min.js]
[tfhtml.themepul.com/fitmas/assets/js/slick.min.js]
[tfhtml.themepul.com/fitmas/assets/js/bootstrap.min.js]
[tfhtml.themepul.com/fitmas/assets/js/jquery.magnific-popup.min.js]
[tfhtml.themepul.com/fitmas/assets/js/jquery.counterup.min.js]
[tfhtml.themepul.com/fitmas/assets/js/jquery-ui.min.js]
[tfhtml.themepul.com/fitmas/assets/js/imagesloaded.pkgd.min.js]
[tfhtml.themepul.com/fitmas/assets/js/isotope.pkgd.min.js]
[tfhtml.themepul.com/fitmas/assets/js/main.js]
[tfhtml.themepul.com/fitmas/assets/img/icon/contact-icon1.svg]
[tfhtml.themepul.com/fitmas/assets/img/icon/contact-icon2.svg]
[tfhtml.themepul.com/fitmas/assets/img/icon/contact-icon3.svg]
[tfhtml.themepul.com/fitmas/assets/css/jquery.flipster.min.css]
[tfhtml.themepul.com/fitmas/assets/img/icon/wcu-icon_2-1.svg]
[tfhtml.themepul.com/fitmas/assets/img/icon/wcu-icon_2-2.svg]
[tfhtml.themepul.com/fitmas/assets/img/icon/counter-icon_2-1.svg]
[tfhtml.themepul.com/fitmas/assets/img/icon/counter-icon_2-2.svg]
[tfhtml.themepul.com/fitmas/assets/img/icon/counter-icon_2-3.svg]
[tfhtml.themepul.com/fitmas/assets/img/icon/counter-icon_2-4.svg]
[tfhtml.themepul.com/fitmas/assets/js/jquery.flipster.min.js]
[tfhtml.themepul.com/fitmas/assets/js/bmi.calculator.js]
[tfhtml.themepul.com/fitmas/assets/img/logo2.svg]
[tfhtml.themepul.com/fitmas/assets/js/circle-progress.js]
[tfhtml.themepul.com/fitmas/assets/img/icon/service-icon_2-4.svg]
[tfhtml.themepul.com/fitmas/assets/img/icon/service-icon_2-5.svg]
[tfhtml.themepul.com/fitmas/assets/img/icon/service-icon_2-6.svg]
